<?xml version="1.0" encoding="UTF-8"?>
<coverage generated="1572417678869" clover="3.2.0">
  <project timestamp="1572417678869" name="All files">
    <metrics statements="55" coveredstatements="55" conditionals="41" coveredconditionals="33" methods="19" coveredmethods="19" elements="115" coveredelements="107" complexity="0" loc="55" ncloc="55" packages="2" files="4" classes="4">
      <package name="vue-test-utils-getting-started">
        <metrics statements="38" coveredstatements="38" conditionals="25" coveredconditionals="24" methods="12" coveredmethods="12"/>
        <file name="common.js" path="E:\test\vue-test-utils-getting-started\common.js">
          <metrics statements="34" coveredstatements="34" conditionals="25" coveredconditionals="24" methods="12" coveredmethods="12"/>
          <line num="2" count="6" type="stmt"/>
          <line num="3" count="6" type="cond" truecount="2" falsecount="0"/>
          <line num="4" count="1" type="stmt"/>
          <line num="7" count="5" type="cond" truecount="2" falsecount="0"/>
          <line num="8" count="4" type="stmt"/>
          <line num="9" count="8" type="stmt"/>
          <line num="11" count="5" type="cond" truecount="2" falsecount="0"/>
          <line num="15" count="9" type="cond" truecount="2" falsecount="0"/>
          <line num="16" count="1" type="stmt"/>
          <line num="18" count="8" type="cond" truecount="2" falsecount="0"/>
          <line num="19" count="8" type="stmt"/>
          <line num="20" count="8" type="stmt"/>
          <line num="21" count="22" type="cond" truecount="2" falsecount="0"/>
          <line num="23" count="8" type="stmt"/>
          <line num="27" count="6" type="cond" truecount="2" falsecount="0"/>
          <line num="28" count="6" type="stmt"/>
          <line num="29" count="16" type="cond" truecount="1" falsecount="1"/>
          <line num="30" count="16" type="cond" truecount="2" falsecount="0"/>
          <line num="33" count="6" type="stmt"/>
          <line num="36" count="2" type="stmt"/>
          <line num="37" count="1" type="stmt"/>
          <line num="38" count="3" type="stmt"/>
          <line num="42" count="2" type="stmt"/>
          <line num="43" count="1" type="stmt"/>
          <line num="46" count="2" type="stmt"/>
          <line num="48" count="2" type="stmt"/>
          <line num="49" count="2" type="cond" truecount="2" falsecount="0"/>
          <line num="50" count="2" type="stmt"/>
          <line num="51" count="1" type="stmt"/>
          <line num="58" count="2" type="stmt"/>
          <line num="67" count="6" type="stmt"/>
          <line num="68" count="6" type="cond" truecount="2" falsecount="0"/>
          <line num="69" count="3" type="stmt"/>
          <line num="71" count="3" type="stmt"/>
        </file>
        <file name="counter.js" path="E:\test\vue-test-utils-getting-started\counter.js">
          <metrics statements="4" coveredstatements="4" conditionals="0" coveredconditionals="0" methods="0" coveredmethods="0"/>
          <line num="12" count="1" type="stmt"/>
          <line num="20" count="1" type="stmt"/>
          <line num="21" count="1" type="stmt"/>
          <line num="24" count="1" type="stmt"/>
        </file>
      </package>
      <package name="vue-test-utils-getting-started.view">
        <metrics statements="17" coveredstatements="17" conditionals="16" coveredconditionals="9" methods="7" coveredmethods="7"/>
        <file name="child.vue" path="E:\test\vue-test-utils-getting-started\view\child.vue">
          <metrics statements="6" coveredstatements="6" conditionals="6" coveredconditionals="3" methods="2" coveredmethods="2"/>
          <line num="1" count="1" type="stmt"/>
          <line num="4" count="1" type="stmt"/>
          <line num="14" count="1" type="stmt"/>
          <line num="16" count="1" type="cond" truecount="2" falsecount="2"/>
          <line num="17" count="4" type="cond" truecount="1" falsecount="1"/>
          <line num="18" count="1" type="stmt"/>
        </file>
        <file name="par.vue" path="E:\test\vue-test-utils-getting-started\view\par.vue">
          <metrics statements="11" coveredstatements="11" conditionals="10" coveredconditionals="6" methods="5" coveredmethods="5"/>
          <line num="1" count="1" type="stmt"/>
          <line num="4" count="1" type="stmt"/>
          <line num="8" count="1" type="stmt"/>
          <line num="10" count="1" type="stmt"/>
          <line num="12" count="1" type="cond" truecount="3" falsecount="1"/>
          <line num="14" count="1" type="stmt"/>
          <line num="19" count="2" type="stmt"/>
          <line num="26" count="1" type="stmt"/>
          <line num="35" count="1" type="cond" truecount="2" falsecount="2"/>
          <line num="36" count="4" type="cond" truecount="1" falsecount="1"/>
          <line num="37" count="1" type="stmt"/>
        </file>
      </package>
    </metrics>
  </project>
</coverage>
