{"E:\\test\\vue-test-utils-getting-started\\common.js": {"path":"E:\\test\\vue-test-utils-getting-started\\common.js","statementMap":{"0":{"start":{"line":2,"column":16},"end":{"line":2,"column":18}},"1":{"start":{"line":3,"column":4},"end":{"line":6,"column":5}},"2":{"start":{"line":4,"column":8},"end":{"line":4,"column":43}},"3":{"start":{"line":7,"column":4},"end":{"line":10,"column":5}},"4":{"start":{"line":8,"column":22},"end":{"line":8,"column":38}},"5":{"start":{"line":9,"column":8},"end":{"line":9,"column":79}},"6":{"start":{"line":9,"column":56},"end":{"line":9,"column":67}},"7":{"start":{"line":11,"column":4},"end":{"line":11,"column":55}},"8":{"start":{"line":15,"column":4},"end":{"line":17,"column":5}},"9":{"start":{"line":16,"column":8},"end":{"line":16,"column":18}},"10":{"start":{"line":18,"column":17},"end":{"line":18,"column":45}},"11":{"start":{"line":19,"column":15},"end":{"line":19,"column":31}},"12":{"start":{"line":20,"column":4},"end":{"line":22,"column":5}},"13":{"start":{"line":21,"column":8},"end":{"line":21,"column":82}},"14":{"start":{"line":23,"column":4},"end":{"line":23,"column":17}},"15":{"start":{"line":27,"column":17},"end":{"line":27,"column":48}},"16":{"start":{"line":28,"column":4},"end":{"line":32,"column":5}},"17":{"start":{"line":29,"column":8},"end":{"line":31,"column":9}},"18":{"start":{"line":30,"column":12},"end":{"line":30,"column":97}},"19":{"start":{"line":33,"column":4},"end":{"line":33,"column":18}},"20":{"start":{"line":36,"column":25},"end":{"line":40,"column":1}},"21":{"start":{"line":37,"column":4},"end":{"line":39,"column":5}},"22":{"start":{"line":38,"column":8},"end":{"line":38,"column":18}},"23":{"start":{"line":42,"column":26},"end":{"line":44,"column":1}},"24":{"start":{"line":43,"column":4},"end":{"line":43,"column":44}},"25":{"start":{"line":43,"column":21},"end":{"line":43,"column":38}},"26":{"start":{"line":46,"column":14},"end":{"line":46,"column":18}},"27":{"start":{"line":48,"column":4},"end":{"line":53,"column":5}},"28":{"start":{"line":49,"column":8},"end":{"line":49,"column":42}},"29":{"start":{"line":49,"column":21},"end":{"line":49,"column":42}},"30":{"start":{"line":50,"column":8},"end":{"line":52,"column":16}},"31":{"start":{"line":51,"column":12},"end":{"line":51,"column":40}},"32":{"start":{"line":58,"column":14},"end":{"line":65,"column":1}},"33":{"start":{"line":67,"column":4},"end":{"line":72,"column":6}},"34":{"start":{"line":68,"column":8},"end":{"line":71,"column":59}},"35":{"start":{"line":69,"column":12},"end":{"line":69,"column":30}},"36":{"start":{"line":71,"column":12},"end":{"line":71,"column":59}}},"fnMap":{"0":{"name":"format","decl":{"start":{"line":1,"column":16},"end":{"line":1,"column":22}},"loc":{"start":{"line":1,"column":62},"end":{"line":12,"column":1}},"line":1},"1":{"name":"(anonymous_1)","decl":{"start":{"line":9,"column":48},"end":{"line":9,"column":49}},"loc":{"start":{"line":9,"column":54},"end":{"line":9,"column":69}},"line":9},"2":{"name":"deepCopy","decl":{"start":{"line":14,"column":16},"end":{"line":14,"column":24}},"loc":{"start":{"line":14,"column":30},"end":{"line":24,"column":1}},"line":14},"3":{"name":"deepCopy2","decl":{"start":{"line":26,"column":16},"end":{"line":26,"column":25}},"loc":{"start":{"line":26,"column":34},"end":{"line":34,"column":1}},"line":26},"4":{"name":"(anonymous_4)","decl":{"start":{"line":36,"column":25},"end":{"line":36,"column":26}},"loc":{"start":{"line":36,"column":38},"end":{"line":40,"column":1}},"line":36},"5":{"name":"(anonymous_5)","decl":{"start":{"line":42,"column":26},"end":{"line":42,"column":27}},"loc":{"start":{"line":42,"column":40},"end":{"line":44,"column":1}},"line":42},"6":{"name":"(anonymous_6)","decl":{"start":{"line":43,"column":15},"end":{"line":43,"column":16}},"loc":{"start":{"line":43,"column":21},"end":{"line":43,"column":38}},"line":43},"7":{"name":"debounce","decl":{"start":{"line":47,"column":16},"end":{"line":47,"column":24}},"loc":{"start":{"line":47,"column":29},"end":{"line":54,"column":1}},"line":47},"8":{"name":"(anonymous_8)","decl":{"start":{"line":48,"column":11},"end":{"line":48,"column":12}},"loc":{"start":{"line":48,"column":22},"end":{"line":53,"column":5}},"line":48},"9":{"name":"(anonymous_9)","decl":{"start":{"line":50,"column":29},"end":{"line":50,"column":30}},"loc":{"start":{"line":50,"column":35},"end":{"line":52,"column":9}},"line":50},"10":{"name":"getUser","decl":{"start":{"line":66,"column":16},"end":{"line":66,"column":23}},"loc":{"start":{"line":66,"column":28},"end":{"line":77,"column":1}},"line":66},"11":{"name":"(anonymous_11)","decl":{"start":{"line":67,"column":23},"end":{"line":67,"column":24}},"loc":{"start":{"line":67,"column":44},"end":{"line":72,"column":5}},"line":67}},"branchMap":{"0":{"loc":{"start":{"line":1,"column":23},"end":{"line":1,"column":31}},"type":"default-arg","locations":[{"start":{"line":1,"column":29},"end":{"line":1,"column":31}}],"line":1},"1":{"loc":{"start":{"line":1,"column":38},"end":{"line":1,"column":48}},"type":"default-arg","locations":[{"start":{"line":1,"column":45},"end":{"line":1,"column":48}}],"line":1},"2":{"loc":{"start":{"line":1,"column":50},"end":{"line":1,"column":60}},"type":"default-arg","locations":[{"start":{"line":1,"column":57},"end":{"line":1,"column":60}}],"line":1},"3":{"loc":{"start":{"line":3,"column":4},"end":{"line":6,"column":5}},"type":"if","locations":[{"start":{"line":3,"column":4},"end":{"line":6,"column":5}},{"start":{"line":3,"column":4},"end":{"line":6,"column":5}}],"line":3},"4":{"loc":{"start":{"line":7,"column":4},"end":{"line":10,"column":5}},"type":"if","locations":[{"start":{"line":7,"column":4},"end":{"line":10,"column":5}},{"start":{"line":7,"column":4},"end":{"line":10,"column":5}}],"line":7},"5":{"loc":{"start":{"line":11,"column":11},"end":{"line":11,"column":55}},"type":"cond-expr","locations":[{"start":{"line":11,"column":27},"end":{"line":11,"column":38}},{"start":{"line":11,"column":43},"end":{"line":11,"column":54}}],"line":11},"6":{"loc":{"start":{"line":15,"column":4},"end":{"line":17,"column":5}},"type":"if","locations":[{"start":{"line":15,"column":4},"end":{"line":17,"column":5}},{"start":{"line":15,"column":4},"end":{"line":17,"column":5}}],"line":15},"7":{"loc":{"start":{"line":18,"column":17},"end":{"line":18,"column":45}},"type":"cond-expr","locations":[{"start":{"line":18,"column":38},"end":{"line":18,"column":40}},{"start":{"line":18,"column":43},"end":{"line":18,"column":45}}],"line":18},"8":{"loc":{"start":{"line":21,"column":22},"end":{"line":21,"column":82}},"type":"cond-expr","locations":[{"start":{"line":21,"column":53},"end":{"line":21,"column":71}},{"start":{"line":21,"column":74},"end":{"line":21,"column":82}}],"line":21},"9":{"loc":{"start":{"line":27,"column":17},"end":{"line":27,"column":48}},"type":"cond-expr","locations":[{"start":{"line":27,"column":41},"end":{"line":27,"column":43}},{"start":{"line":27,"column":46},"end":{"line":27,"column":48}}],"line":27},"10":{"loc":{"start":{"line":29,"column":8},"end":{"line":31,"column":9}},"type":"if","locations":[{"start":{"line":29,"column":8},"end":{"line":31,"column":9}},{"start":{"line":29,"column":8},"end":{"line":31,"column":9}}],"line":29},"11":{"loc":{"start":{"line":30,"column":26},"end":{"line":30,"column":96}},"type":"cond-expr","locations":[{"start":{"line":30,"column":60},"end":{"line":30,"column":82}},{"start":{"line":30,"column":85},"end":{"line":30,"column":96}}],"line":30},"12":{"loc":{"start":{"line":49,"column":8},"end":{"line":49,"column":42}},"type":"if","locations":[{"start":{"line":49,"column":8},"end":{"line":49,"column":42}},{"start":{"line":49,"column":8},"end":{"line":49,"column":42}}],"line":49},"13":{"loc":{"start":{"line":68,"column":8},"end":{"line":71,"column":59}},"type":"if","locations":[{"start":{"line":68,"column":8},"end":{"line":71,"column":59}},{"start":{"line":68,"column":8},"end":{"line":71,"column":59}}],"line":68}},"s":{"0":6,"1":6,"2":1,"3":5,"4":4,"5":4,"6":8,"7":5,"8":9,"9":1,"10":8,"11":8,"12":8,"13":22,"14":8,"15":6,"16":6,"17":16,"18":16,"19":6,"20":2,"21":1,"22":3,"23":2,"24":1,"25":1,"26":2,"27":2,"28":2,"29":1,"30":2,"31":1,"32":2,"33":6,"34":6,"35":3,"36":3},"f":{"0":6,"1":8,"2":9,"3":6,"4":1,"5":1,"6":1,"7":2,"8":2,"9":1,"10":6,"11":6},"b":{"0":[1],"1":[3],"2":[4],"3":[1,5],"4":[4,1],"5":[3,2],"6":[1,8],"7":[4,4],"8":[4,18],"9":[2,4],"10":[16,0],"11":[4,12],"12":[1,1],"13":[3,3]},"_coverageSchema":"332fd63041d2c1bcb487cc26dd0d5f7d97098a6c","hash":"286a726f2accb2fa3ee13b65fbc02f7d5a7bc7a6"}
,"E:\\test\\vue-test-utils-getting-started\\counter.js": {"path":"E:\\test\\vue-test-utils-getting-started\\counter.js","statementMap":{"0":{"start":{"line":12,"column":8},"end":{"line":15,"column":9}},"1":{"start":{"line":20,"column":12},"end":{"line":20,"column":25}},"2":{"start":{"line":21,"column":12},"end":{"line":21,"column":33}},"3":{"start":{"line":24,"column":12},"end":{"line":24,"column":33}}},"fnMap":{},"branchMap":{},"s":{"0":1,"1":1,"2":1,"3":1},"f":{},"b":{},"_coverageSchema":"332fd63041d2c1bcb487cc26dd0d5f7d97098a6c","hash":"cc6496987e6bd80d5697a259b61659ab88d904d2"}
,"E:\\test\\vue-test-utils-getting-started\\view\\child.vue": {"path":"E:\\test\\vue-test-utils-getting-started\\view\\child.vue","statementMap":{"0":{"start":{"line":1,"column":1},"end":{"line":15,"column":4}},"1":{"start":{"line":4,"column":0},"end":{"line":6,"column":3}},"2":{"start":{"line":14,"column":0},"end":{"line":14,"column":21}},"3":{"start":{"line":16,"column":20},"end":{"line":16,"column":89}},"4":{"start":{"line":16,"column":114},"end":{"line":16,"column":187}},"5":{"start":{"line":17,"column":0},"end":{"line":17,"column":182}},"6":{"start":{"line":17,"column":54},"end":{"line":17,"column":58}},"7":{"start":{"line":17,"column":66},"end":{"line":17,"column":84}},"8":{"start":{"line":17,"column":92},"end":{"line":17,"column":108}},"9":{"start":{"line":17,"column":109},"end":{"line":17,"column":181}},"10":{"start":{"line":18,"column":0},"end":{"line":18,"column":37}}},"fnMap":{"0":{"name":"(anonymous_0)","decl":{"start":{"line":1,"column":2},"end":{"line":1,"column":3}},"loc":{"start":{"line":1,"column":12},"end":{"line":15,"column":1}},"line":1},"1":{"name":"render","decl":{"start":{"line":17,"column":35},"end":{"line":17,"column":41}},"loc":{"start":{"line":17,"column":45},"end":{"line":17,"column":182}},"line":17}},"branchMap":{"0":{"loc":{"start":{"line":16,"column":20},"end":{"line":16,"column":89}},"type":"cond-expr","locations":[{"start":{"line":16,"column":50},"end":{"line":16,"column":72}},{"start":{"line":16,"column":75},"end":{"line":16,"column":89}}],"line":16},"1":{"loc":{"start":{"line":16,"column":114},"end":{"line":16,"column":187}},"type":"cond-expr","locations":[{"start":{"line":16,"column":151},"end":{"line":16,"column":172}},{"start":{"line":16,"column":174},"end":{"line":16,"column":187}}],"line":16},"2":{"loc":{"start":{"line":17,"column":92},"end":{"line":17,"column":108}},"type":"binary-expr","locations":[{"start":{"line":17,"column":92},"end":{"line":17,"column":104}},{"start":{"line":17,"column":106},"end":{"line":17,"column":108}}],"line":17}},"s":{"0":1,"1":1,"2":1,"3":1,"4":1,"5":1,"6":4,"7":4,"8":4,"9":4,"10":1},"f":{"0":1,"1":4},"b":{"0":[1,0],"1":[0,1],"2":[4,0]},"_coverageSchema":"332fd63041d2c1bcb487cc26dd0d5f7d97098a6c","hash":"801b5d95130199ba2d7c99dc22ff8d40c6559889"}
,"E:\\test\\vue-test-utils-getting-started\\view\\par.vue": {"path":"E:\\test\\vue-test-utils-getting-started\\view\\par.vue","statementMap":{"0":{"start":{"line":1,"column":1},"end":{"line":34,"column":4}},"1":{"start":{"line":4,"column":0},"end":{"line":6,"column":3}},"2":{"start":{"line":8,"column":13},"end":{"line":8,"column":31}},"3":{"start":{"line":10,"column":14},"end":{"line":10,"column":44}},"4":{"start":{"line":12,"column":39},"end":{"line":12,"column":93}},"5":{"start":{"line":14,"column":0},"end":{"line":29,"column":2}},"6":{"start":{"line":19,"column":8},"end":{"line":21,"column":10}},"7":{"start":{"line":26,"column":12},"end":{"line":26,"column":32}},"8":{"start":{"line":35,"column":20},"end":{"line":35,"column":89}},"9":{"start":{"line":35,"column":114},"end":{"line":35,"column":187}},"10":{"start":{"line":36,"column":0},"end":{"line":36,"column":189}},"11":{"start":{"line":36,"column":54},"end":{"line":36,"column":58}},"12":{"start":{"line":36,"column":66},"end":{"line":36,"column":84}},"13":{"start":{"line":36,"column":92},"end":{"line":36,"column":108}},"14":{"start":{"line":36,"column":109},"end":{"line":36,"column":188}},"15":{"start":{"line":37,"column":0},"end":{"line":37,"column":37}}},"fnMap":{"0":{"name":"(anonymous_0)","decl":{"start":{"line":1,"column":2},"end":{"line":1,"column":3}},"loc":{"start":{"line":1,"column":12},"end":{"line":34,"column":1}},"line":1},"1":{"name":"_interopRequireDefault","decl":{"start":{"line":12,"column":9},"end":{"line":12,"column":31}},"loc":{"start":{"line":12,"column":37},"end":{"line":12,"column":95}},"line":12},"2":{"name":"data","decl":{"start":{"line":18,"column":19},"end":{"line":18,"column":23}},"loc":{"start":{"line":18,"column":26},"end":{"line":22,"column":5}},"line":18},"3":{"name":"add","decl":{"start":{"line":25,"column":22},"end":{"line":25,"column":25}},"loc":{"start":{"line":25,"column":35},"end":{"line":27,"column":9}},"line":25},"4":{"name":"render","decl":{"start":{"line":36,"column":35},"end":{"line":36,"column":41}},"loc":{"start":{"line":36,"column":45},"end":{"line":36,"column":189}},"line":36}},"branchMap":{"0":{"loc":{"start":{"line":12,"column":46},"end":{"line":12,"column":92}},"type":"cond-expr","locations":[{"start":{"line":12,"column":70},"end":{"line":12,"column":73}},{"start":{"line":12,"column":76},"end":{"line":12,"column":92}}],"line":12},"1":{"loc":{"start":{"line":12,"column":46},"end":{"line":12,"column":67}},"type":"binary-expr","locations":[{"start":{"line":12,"column":46},"end":{"line":12,"column":49}},{"start":{"line":12,"column":53},"end":{"line":12,"column":67}}],"line":12},"2":{"loc":{"start":{"line":35,"column":20},"end":{"line":35,"column":89}},"type":"cond-expr","locations":[{"start":{"line":35,"column":50},"end":{"line":35,"column":72}},{"start":{"line":35,"column":75},"end":{"line":35,"column":89}}],"line":35},"3":{"loc":{"start":{"line":35,"column":114},"end":{"line":35,"column":187}},"type":"cond-expr","locations":[{"start":{"line":35,"column":151},"end":{"line":35,"column":172}},{"start":{"line":35,"column":174},"end":{"line":35,"column":187}}],"line":35},"4":{"loc":{"start":{"line":36,"column":92},"end":{"line":36,"column":108}},"type":"binary-expr","locations":[{"start":{"line":36,"column":92},"end":{"line":36,"column":104}},{"start":{"line":36,"column":106},"end":{"line":36,"column":108}}],"line":36}},"s":{"0":1,"1":1,"2":1,"3":1,"4":1,"5":1,"6":2,"7":1,"8":1,"9":1,"10":1,"11":4,"12":4,"13":4,"14":4,"15":1},"f":{"0":1,"1":1,"2":2,"3":1,"4":4},"b":{"0":[1,0],"1":[1,1],"2":[1,0],"3":[0,1],"4":[4,0]},"_coverageSchema":"332fd63041d2c1bcb487cc26dd0d5f7d97098a6c","hash":"e54b7c411482eadc610eb59d0dc2569905df0384"}
}
