TN:
SF:E:\test\vue-test-utils-getting-started\common.js
FN:1,format
FN:9,(anonymous_1)
FN:14,deepCopy
FN:26,deepCopy2
FN:36,(anonymous_4)
FN:42,(anonymous_5)
FN:43,(anonymous_6)
FN:47,debounce
FN:48,(anonymous_8)
FN:50,(anonymous_9)
FN:66,getUser
FN:67,(anonymous_11)
FNF:12
FNH:12
FNDA:6,format
FNDA:8,(anonymous_1)
FNDA:9,deepCopy
FNDA:6,deepCopy2
FNDA:1,(anonymous_4)
FNDA:1,(anonymous_5)
FNDA:1,(anonymous_6)
FNDA:2,debounce
FNDA:2,(anonymous_8)
FNDA:1,(anonymous_9)
FNDA:6,getUser
FNDA:6,(anonymous_11)
DA:2,6
DA:3,6
DA:4,1
DA:7,5
DA:8,4
DA:9,8
DA:11,5
DA:15,9
DA:16,1
DA:18,8
DA:19,8
DA:20,8
DA:21,22
DA:23,8
DA:27,6
DA:28,6
DA:29,16
DA:30,16
DA:33,6
DA:36,2
DA:37,1
DA:38,3
DA:42,2
DA:43,1
DA:46,2
DA:48,2
DA:49,2
DA:50,2
DA:51,1
DA:58,2
DA:67,6
DA:68,6
DA:69,3
DA:71,3
LF:34
LH:34
BRDA:1,0,0,1
BRDA:1,1,0,3
BRDA:1,2,0,4
BRDA:3,3,0,1
BRDA:3,3,1,5
BRDA:7,4,0,4
BRDA:7,4,1,1
BRDA:11,5,0,3
BRDA:11,5,1,2
BRDA:15,6,0,1
BRDA:15,6,1,8
BRDA:18,7,0,4
BRDA:18,7,1,4
BRDA:21,8,0,4
BRDA:21,8,1,18
BRDA:27,9,0,2
BRDA:27,9,1,4
BRDA:29,10,0,16
BRDA:29,10,1,0
BRDA:30,11,0,4
BRDA:30,11,1,12
BRDA:49,12,0,1
BRDA:49,12,1,1
BRDA:68,13,0,3
BRDA:68,13,1,3
BRF:25
BRH:24
end_of_record
TN:
SF:E:\test\vue-test-utils-getting-started\counter.js
FNF:0
FNH:0
DA:12,1
DA:20,1
DA:21,1
DA:24,1
LF:4
LH:4
BRF:0
BRH:0
end_of_record
TN:
SF:E:\test\vue-test-utils-getting-started\view\child.vue
FN:1,(anonymous_0)
FN:17,render
FNF:2
FNH:2
FNDA:1,(anonymous_0)
FNDA:4,render
DA:1,1
DA:4,1
DA:14,1
DA:16,1
DA:17,4
DA:18,1
LF:6
LH:6
BRDA:16,0,0,1
BRDA:16,0,1,0
BRDA:16,1,0,0
BRDA:16,1,1,1
BRDA:17,2,0,4
BRDA:17,2,1,0
BRF:6
BRH:3
end_of_record
TN:
SF:E:\test\vue-test-utils-getting-started\view\par.vue
FN:1,(anonymous_0)
FN:12,_interopRequireDefault
FN:18,data
FN:25,add
FN:36,render
FNF:5
FNH:5
FNDA:1,(anonymous_0)
FNDA:1,_interopRequireDefault
FNDA:2,data
FNDA:1,add
FNDA:4,render
DA:1,1
DA:4,1
DA:8,1
DA:10,1
DA:12,1
DA:14,1
DA:19,2
DA:26,1
DA:35,1
DA:36,4
DA:37,1
LF:11
LH:11
BRDA:12,0,0,1
BRDA:12,0,1,0
BRDA:12,1,0,1
BRDA:12,1,1,1
BRDA:35,2,0,1
BRDA:35,2,1,0
BRDA:35,3,0,0
BRDA:35,3,1,1
BRDA:36,4,0,4
BRDA:36,4,1,0
BRF:10
BRH:6
end_of_record
